0 info it worked if it ends with ok
1 verbose cli [ '/usr/bin/nodejs',
1 verbose cli   '/usr/bin/npm',
1 verbose cli   'install',
1 verbose cli   'express-generator',
1 verbose cli   '-g' ]
2 info using npm@3.5.2
3 info using node@v4.2.6
4 silly loadCurrentTree Starting
5 silly install loadCurrentTree
6 silly install readGlobalPackageData
7 silly fetchPackageMetaData express-generator
8 silly fetchNamedPackageData express-generator
9 silly mapToRegistry name express-generator
10 silly mapToRegistry using default registry
11 silly mapToRegistry registry https://registry.npmjs.org/
12 silly mapToRegistry uri https://registry.npmjs.org/express-generator
13 verbose request uri https://registry.npmjs.org/express-generator
14 verbose request no auth needed
15 info attempt registry request try #1 at 下午5:08:14
16 verbose request id 1b246c1ca2efc561
17 http request GET https://registry.npmjs.org/express-generator
18 http 200 https://registry.npmjs.org/express-generator
19 verbose headers { server: 'nginx/1.10.3',
19 verbose headers   'content-type': 'application/json',
19 verbose headers   'last-modified': 'Thu, 17 Aug 2017 06:25:10 GMT',
19 verbose headers   etag: 'W/"599536c6-9f70"',
19 verbose headers   'content-encoding': 'gzip',
19 verbose headers   'cache-control': 'max-age=300',
19 verbose headers   'content-length': '4841',
19 verbose headers   'accept-ranges': 'bytes',
19 verbose headers   date: 'Thu, 17 Aug 2017 09:08:44 GMT',
19 verbose headers   via: '1.1 varnish',
19 verbose headers   age: '53',
19 verbose headers   connection: 'keep-alive',
19 verbose headers   'x-served-by': 'cache-nrt6127-NRT',
19 verbose headers   'x-cache': 'HIT',
19 verbose headers   'x-cache-hits': '1',
19 verbose headers   'x-timer': 'S1502960925.630154,VS0,VE0',
19 verbose headers   vary: 'Accept-Encoding, Accept' }
20 silly get cb [ 200,
20 silly get   { server: 'nginx/1.10.3',
20 silly get     'content-type': 'application/json',
20 silly get     'last-modified': 'Thu, 17 Aug 2017 06:25:10 GMT',
20 silly get     etag: 'W/"599536c6-9f70"',
20 silly get     'content-encoding': 'gzip',
20 silly get     'cache-control': 'max-age=300',
20 silly get     'content-length': '4841',
20 silly get     'accept-ranges': 'bytes',
20 silly get     date: 'Thu, 17 Aug 2017 09:08:44 GMT',
20 silly get     via: '1.1 varnish',
20 silly get     age: '53',
20 silly get     connection: 'keep-alive',
20 silly get     'x-served-by': 'cache-nrt6127-NRT',
20 silly get     'x-cache': 'HIT',
20 silly get     'x-cache-hits': '1',
20 silly get     'x-timer': 'S1502960925.630154,VS0,VE0',
20 silly get     vary: 'Accept-Encoding, Accept' } ]
21 verbose get saving express-generator to /home/qingcong/.npm/registry.npmjs.org/express-generator/.cache.json
22 silly install normalizeTree
23 silly loadCurrentTree Finishing
24 silly loadIdealTree Starting
25 silly install loadIdealTree
26 silly cloneCurrentTree Starting
27 silly install cloneCurrentTreeToIdealTree
28 silly cloneCurrentTree Finishing
29 silly loadShrinkwrap Starting
30 silly install loadShrinkwrap
31 silly loadShrinkwrap Finishing
32 silly loadAllDepsIntoIdealTree Starting
33 silly install loadAllDepsIntoIdealTree
34 silly resolveWithNewModule express-generator@4.15.0 checking installable status
35 silly cache add args [ 'express-generator', null ]
36 verbose cache add spec express-generator
37 silly cache add parsed spec Result {
37 silly cache add   raw: 'express-generator',
37 silly cache add   scope: null,
37 silly cache add   name: 'express-generator',
37 silly cache add   rawSpec: '',
37 silly cache add   spec: 'latest',
37 silly cache add   type: 'tag' }
38 silly addNamed express-generator@latest
39 verbose addNamed "latest" is being treated as a dist-tag for express-generator
40 info addNameTag [ 'express-generator', 'latest' ]
41 silly mapToRegistry name express-generator
42 silly mapToRegistry using default registry
43 silly mapToRegistry registry https://registry.npmjs.org/
44 silly mapToRegistry uri https://registry.npmjs.org/express-generator
45 verbose addNameTag registry:https://registry.npmjs.org/express-generator not in flight; fetching
46 verbose get https://registry.npmjs.org/express-generator not expired, no request
47 silly addNameTag next cb for express-generator with tag latest
48 silly addNamed express-generator@4.15.0
49 verbose addNamed "4.15.0" is a plain semver version for express-generator
50 silly mapToRegistry name express-generator
51 silly mapToRegistry using default registry
52 silly mapToRegistry registry https://registry.npmjs.org/
53 silly mapToRegistry uri https://registry.npmjs.org/express-generator
54 verbose addRemoteTarball https://registry.npmjs.org/express-generator/-/express-generator-4.15.0.tgz not in flight; adding
55 verbose addRemoteTarball [ 'https://registry.npmjs.org/express-generator/-/express-generator-4.15.0.tgz',
55 verbose addRemoteTarball   '81ba5ca8db9ceeaee281a08f5ad5c3f472430006' ]
56 info retry fetch attempt 1 at 下午5:08:45
57 info attempt registry request try #1 at 下午5:08:45
58 http fetch GET https://registry.npmjs.org/express-generator/-/express-generator-4.15.0.tgz
59 http fetch 200 https://registry.npmjs.org/express-generator/-/express-generator-4.15.0.tgz
60 silly fetchAndShaCheck shasum 81ba5ca8db9ceeaee281a08f5ad5c3f472430006
61 verbose addTmpTarball /tmp/npm-15190-3feacc7c/registry.npmjs.org/express-generator/-/express-generator-4.15.0.tgz not in flight; adding
62 verbose addTmpTarball already have metadata; skipping unpack for express-generator@4.15.0
63 silly cache afterAdd express-generator@4.15.0
64 verbose afterAdd /home/qingcong/.npm/express-generator/4.15.0/package/package.json not in flight; writing
65 verbose afterAdd /home/qingcong/.npm/express-generator/4.15.0/package/package.json written
66 silly fetchNamedPackageData commander
67 silly mapToRegistry name commander
68 silly mapToRegistry using default registry
69 silly mapToRegistry registry https://registry.npmjs.org/
70 silly mapToRegistry uri https://registry.npmjs.org/commander
71 silly fetchNamedPackageData ejs
72 silly mapToRegistry name ejs
73 silly mapToRegistry using default registry
74 silly mapToRegistry registry https://registry.npmjs.org/
75 silly mapToRegistry uri https://registry.npmjs.org/ejs
76 silly fetchNamedPackageData mkdirp
77 silly mapToRegistry name mkdirp
78 silly mapToRegistry using default registry
79 silly mapToRegistry registry https://registry.npmjs.org/
80 silly mapToRegistry uri https://registry.npmjs.org/mkdirp
81 silly fetchNamedPackageData sorted-object
82 silly mapToRegistry name sorted-object
83 silly mapToRegistry using default registry
84 silly mapToRegistry registry https://registry.npmjs.org/
85 silly mapToRegistry uri https://registry.npmjs.org/sorted-object
86 verbose request uri https://registry.npmjs.org/commander
87 verbose request no auth needed
88 info attempt registry request try #1 at 下午5:09:00
89 http request GET https://registry.npmjs.org/commander
90 verbose request uri https://registry.npmjs.org/ejs
91 verbose request no auth needed
92 info attempt registry request try #1 at 下午5:09:00
93 http request GET https://registry.npmjs.org/ejs
94 verbose request uri https://registry.npmjs.org/mkdirp
95 verbose request no auth needed
96 info attempt registry request try #1 at 下午5:09:00
97 http request GET https://registry.npmjs.org/mkdirp
98 verbose request uri https://registry.npmjs.org/sorted-object
99 verbose request no auth needed
100 info attempt registry request try #1 at 下午5:09:00
101 http request GET https://registry.npmjs.org/sorted-object
102 http 200 https://registry.npmjs.org/mkdirp
103 verbose headers { server: 'nginx/1.10.3',
103 verbose headers   'content-type': 'application/json',
103 verbose headers   'last-modified': 'Wed, 16 Aug 2017 20:58:49 GMT',
103 verbose headers   etag: 'W/"5994b209-65d6"',
103 verbose headers   'content-encoding': 'gzip',
103 verbose headers   'cache-control': 'max-age=300',
103 verbose headers   'content-length': '5175',
103 verbose headers   'accept-ranges': 'bytes',
103 verbose headers   date: 'Thu, 17 Aug 2017 09:09:01 GMT',
103 verbose headers   via: '1.1 varnish',
103 verbose headers   age: '156',
103 verbose headers   connection: 'keep-alive',
103 verbose headers   'x-served-by': 'cache-nrt6130-NRT',
103 verbose headers   'x-cache': 'HIT',
103 verbose headers   'x-cache-hits': '383',
103 verbose headers   'x-timer': 'S1502960941.123562,VS0,VE0',
103 verbose headers   vary: 'Accept-Encoding, Accept' }
104 silly get cb [ 200,
104 silly get   { server: 'nginx/1.10.3',
104 silly get     'content-type': 'application/json',
104 silly get     'last-modified': 'Wed, 16 Aug 2017 20:58:49 GMT',
104 silly get     etag: 'W/"5994b209-65d6"',
104 silly get     'content-encoding': 'gzip',
104 silly get     'cache-control': 'max-age=300',
104 silly get     'content-length': '5175',
104 silly get     'accept-ranges': 'bytes',
104 silly get     date: 'Thu, 17 Aug 2017 09:09:01 GMT',
104 silly get     via: '1.1 varnish',
104 silly get     age: '156',
104 silly get     connection: 'keep-alive',
104 silly get     'x-served-by': 'cache-nrt6130-NRT',
104 silly get     'x-cache': 'HIT',
104 silly get     'x-cache-hits': '383',
104 silly get     'x-timer': 'S1502960941.123562,VS0,VE0',
104 silly get     vary: 'Accept-Encoding, Accept' } ]
105 verbose get saving mkdirp to /home/qingcong/.npm/registry.npmjs.org/mkdirp/.cache.json
106 silly resolveWithNewModule mkdirp@0.5.1 checking installable status
107 silly cache add args [ 'mkdirp@0.5.1', null ]
108 verbose cache add spec mkdirp@0.5.1
109 silly cache add parsed spec Result {
109 silly cache add   raw: 'mkdirp@0.5.1',
109 silly cache add   scope: null,
109 silly cache add   name: 'mkdirp',
109 silly cache add   rawSpec: '0.5.1',
109 silly cache add   spec: '0.5.1',
109 silly cache add   type: 'version' }
110 silly addNamed mkdirp@0.5.1
111 verbose addNamed "0.5.1" is a plain semver version for mkdirp
112 silly mapToRegistry name mkdirp
113 silly mapToRegistry using default registry
114 silly mapToRegistry registry https://registry.npmjs.org/
115 silly mapToRegistry uri https://registry.npmjs.org/mkdirp
116 verbose addNameVersion registry:https://registry.npmjs.org/mkdirp not in flight; fetching
117 verbose get https://registry.npmjs.org/mkdirp not expired, no request
118 silly mapToRegistry name mkdirp
119 silly mapToRegistry using default registry
120 silly mapToRegistry registry https://registry.npmjs.org/
121 silly mapToRegistry uri https://registry.npmjs.org/mkdirp
122 verbose addRemoteTarball https://registry.npmjs.org/mkdirp/-/mkdirp-0.5.1.tgz not in flight; adding
123 verbose addRemoteTarball [ 'https://registry.npmjs.org/mkdirp/-/mkdirp-0.5.1.tgz',
123 verbose addRemoteTarball   '30057438eac6cf7f8c4767f38648d6697d75c903' ]
124 info retry fetch attempt 1 at 下午5:09:01
125 info attempt registry request try #1 at 下午5:09:01
126 http fetch GET https://registry.npmjs.org/mkdirp/-/mkdirp-0.5.1.tgz
127 http 200 https://registry.npmjs.org/ejs
128 verbose headers { server: 'nginx/1.10.1',
128 verbose headers   'content-type': 'application/json',
128 verbose headers   'last-modified': 'Sun, 13 Aug 2017 05:22:20 GMT',
128 verbose headers   etag: 'W/"598fe20c-11270"',
128 verbose headers   'content-encoding': 'gzip',
128 verbose headers   'cache-control': 'max-age=300',
128 verbose headers   'content-length': '11178',
128 verbose headers   'accept-ranges': 'bytes',
128 verbose headers   date: 'Thu, 17 Aug 2017 09:09:01 GMT',
128 verbose headers   via: '1.1 varnish',
128 verbose headers   age: '109',
128 verbose headers   connection: 'keep-alive',
128 verbose headers   'x-served-by': 'cache-nrt6135-NRT',
128 verbose headers   'x-cache': 'HIT',
128 verbose headers   'x-cache-hits': '4',
128 verbose headers   'x-timer': 'S1502960941.157482,VS0,VE0',
128 verbose headers   vary: 'Accept-Encoding, Accept' }
129 silly get cb [ 200,
129 silly get   { server: 'nginx/1.10.1',
129 silly get     'content-type': 'application/json',
129 silly get     'last-modified': 'Sun, 13 Aug 2017 05:22:20 GMT',
129 silly get     etag: 'W/"598fe20c-11270"',
129 silly get     'content-encoding': 'gzip',
129 silly get     'cache-control': 'max-age=300',
129 silly get     'content-length': '11178',
129 silly get     'accept-ranges': 'bytes',
129 silly get     date: 'Thu, 17 Aug 2017 09:09:01 GMT',
129 silly get     via: '1.1 varnish',
129 silly get     age: '109',
129 silly get     connection: 'keep-alive',
129 silly get     'x-served-by': 'cache-nrt6135-NRT',
129 silly get     'x-cache': 'HIT',
129 silly get     'x-cache-hits': '4',
129 silly get     'x-timer': 'S1502960941.157482,VS0,VE0',
129 silly get     vary: 'Accept-Encoding, Accept' } ]
130 verbose get saving ejs to /home/qingcong/.npm/registry.npmjs.org/ejs/.cache.json
131 silly resolveWithNewModule ejs@2.5.6 checking installable status
132 silly cache add args [ 'ejs@2.5.6', null ]
133 verbose cache add spec ejs@2.5.6
134 silly cache add parsed spec Result {
134 silly cache add   raw: 'ejs@2.5.6',
134 silly cache add   scope: null,
134 silly cache add   name: 'ejs',
134 silly cache add   rawSpec: '2.5.6',
134 silly cache add   spec: '2.5.6',
134 silly cache add   type: 'version' }
135 silly addNamed ejs@2.5.6
136 verbose addNamed "2.5.6" is a plain semver version for ejs
137 silly mapToRegistry name ejs
138 silly mapToRegistry using default registry
139 silly mapToRegistry registry https://registry.npmjs.org/
140 silly mapToRegistry uri https://registry.npmjs.org/ejs
141 verbose addNameVersion registry:https://registry.npmjs.org/ejs not in flight; fetching
142 verbose get https://registry.npmjs.org/ejs not expired, no request
143 silly mapToRegistry name ejs
144 silly mapToRegistry using default registry
145 silly mapToRegistry registry https://registry.npmjs.org/
146 silly mapToRegistry uri https://registry.npmjs.org/ejs
147 verbose addRemoteTarball https://registry.npmjs.org/ejs/-/ejs-2.5.6.tgz not in flight; adding
148 verbose addRemoteTarball [ 'https://registry.npmjs.org/ejs/-/ejs-2.5.6.tgz',
148 verbose addRemoteTarball   '479636bfa3fe3b1debd52087f0acb204b4f19c88' ]
149 info retry fetch attempt 1 at 下午5:09:01
150 info attempt registry request try #1 at 下午5:09:01
151 http fetch GET https://registry.npmjs.org/ejs/-/ejs-2.5.6.tgz
152 http 200 https://registry.npmjs.org/sorted-object
153 verbose headers { server: 'nginx/1.10.1',
153 verbose headers   'content-type': 'application/json',
153 verbose headers   'last-modified': 'Sat, 10 Sep 2016 23:39:29 GMT',
153 verbose headers   etag: 'W/"57d499b1-1545"',
153 verbose headers   'content-encoding': 'gzip',
153 verbose headers   'cache-control': 'max-age=300',
153 verbose headers   'content-length': '1619',
153 verbose headers   'accept-ranges': 'bytes',
153 verbose headers   date: 'Thu, 17 Aug 2017 09:09:01 GMT',
153 verbose headers   via: '1.1 varnish',
153 verbose headers   age: '0',
153 verbose headers   connection: 'keep-alive',
153 verbose headers   'x-served-by': 'cache-nrt6133-NRT',
153 verbose headers   'x-cache': 'HIT',
153 verbose headers   'x-cache-hits': '1',
153 verbose headers   'x-timer': 'S1502960941.122515,VS0,VE132',
153 verbose headers   vary: 'Accept-Encoding, Accept' }
154 silly get cb [ 200,
154 silly get   { server: 'nginx/1.10.1',
154 silly get     'content-type': 'application/json',
154 silly get     'last-modified': 'Sat, 10 Sep 2016 23:39:29 GMT',
154 silly get     etag: 'W/"57d499b1-1545"',
154 silly get     'content-encoding': 'gzip',
154 silly get     'cache-control': 'max-age=300',
154 silly get     'content-length': '1619',
154 silly get     'accept-ranges': 'bytes',
154 silly get     date: 'Thu, 17 Aug 2017 09:09:01 GMT',
154 silly get     via: '1.1 varnish',
154 silly get     age: '0',
154 silly get     connection: 'keep-alive',
154 silly get     'x-served-by': 'cache-nrt6133-NRT',
154 silly get     'x-cache': 'HIT',
154 silly get     'x-cache-hits': '1',
154 silly get     'x-timer': 'S1502960941.122515,VS0,VE132',
154 silly get     vary: 'Accept-Encoding, Accept' } ]
155 verbose get saving sorted-object to /home/qingcong/.npm/registry.npmjs.org/sorted-object/.cache.json
156 silly resolveWithNewModule sorted-object@2.0.1 checking installable status
157 silly cache add args [ 'sorted-object@2.0.1', null ]
158 verbose cache add spec sorted-object@2.0.1
159 silly cache add parsed spec Result {
159 silly cache add   raw: 'sorted-object@2.0.1',
159 silly cache add   scope: null,
159 silly cache add   name: 'sorted-object',
159 silly cache add   rawSpec: '2.0.1',
159 silly cache add   spec: '2.0.1',
159 silly cache add   type: 'version' }
160 silly addNamed sorted-object@2.0.1
161 verbose addNamed "2.0.1" is a plain semver version for sorted-object
162 silly mapToRegistry name sorted-object
163 silly mapToRegistry using default registry
164 silly mapToRegistry registry https://registry.npmjs.org/
165 silly mapToRegistry uri https://registry.npmjs.org/sorted-object
166 verbose addNameVersion registry:https://registry.npmjs.org/sorted-object not in flight; fetching
167 verbose get https://registry.npmjs.org/sorted-object not expired, no request
168 silly mapToRegistry name sorted-object
169 silly mapToRegistry using default registry
170 silly mapToRegistry registry https://registry.npmjs.org/
171 silly mapToRegistry uri https://registry.npmjs.org/sorted-object
172 verbose addRemoteTarball https://registry.npmjs.org/sorted-object/-/sorted-object-2.0.1.tgz not in flight; adding
173 verbose addRemoteTarball [ 'https://registry.npmjs.org/sorted-object/-/sorted-object-2.0.1.tgz',
173 verbose addRemoteTarball   '7d631f4bd3a798a24af1dffcfbfe83337a5df5fc' ]
174 info retry fetch attempt 1 at 下午5:09:02
175 info attempt registry request try #1 at 下午5:09:02
176 http fetch GET https://registry.npmjs.org/sorted-object/-/sorted-object-2.0.1.tgz
177 http 200 https://registry.npmjs.org/commander
178 verbose headers { server: 'nginx/1.10.1',
178 verbose headers   'content-type': 'application/json',
178 verbose headers   'last-modified': 'Wed, 16 Aug 2017 20:58:46 GMT',
178 verbose headers   etag: 'W/"5994b206-114aa"',
178 verbose headers   'content-encoding': 'gzip',
178 verbose headers   'cache-control': 'max-age=300',
178 verbose headers   'content-length': '14167',
178 verbose headers   'accept-ranges': 'bytes',
178 verbose headers   date: 'Thu, 17 Aug 2017 09:09:01 GMT',
178 verbose headers   via: '1.1 varnish',
178 verbose headers   age: '106',
178 verbose headers   connection: 'keep-alive',
178 verbose headers   'x-served-by': 'cache-nrt6128-NRT',
178 verbose headers   'x-cache': 'HIT',
178 verbose headers   'x-cache-hits': '7',
178 verbose headers   'x-timer': 'S1502960941.068551,VS0,VE0',
178 verbose headers   vary: 'Accept-Encoding, Accept' }
179 silly get cb [ 200,
179 silly get   { server: 'nginx/1.10.1',
179 silly get     'content-type': 'application/json',
179 silly get     'last-modified': 'Wed, 16 Aug 2017 20:58:46 GMT',
179 silly get     etag: 'W/"5994b206-114aa"',
179 silly get     'content-encoding': 'gzip',
179 silly get     'cache-control': 'max-age=300',
179 silly get     'content-length': '14167',
179 silly get     'accept-ranges': 'bytes',
179 silly get     date: 'Thu, 17 Aug 2017 09:09:01 GMT',
179 silly get     via: '1.1 varnish',
179 silly get     age: '106',
179 silly get     connection: 'keep-alive',
179 silly get     'x-served-by': 'cache-nrt6128-NRT',
179 silly get     'x-cache': 'HIT',
179 silly get     'x-cache-hits': '7',
179 silly get     'x-timer': 'S1502960941.068551,VS0,VE0',
179 silly get     vary: 'Accept-Encoding, Accept' } ]
180 verbose get saving commander to /home/qingcong/.npm/registry.npmjs.org/commander/.cache.json
181 silly resolveWithNewModule commander@2.9.0 checking installable status
182 silly cache add args [ 'commander@2.9.0', null ]
183 verbose cache add spec commander@2.9.0
184 silly cache add parsed spec Result {
184 silly cache add   raw: 'commander@2.9.0',
184 silly cache add   scope: null,
184 silly cache add   name: 'commander',
184 silly cache add   rawSpec: '2.9.0',
184 silly cache add   spec: '2.9.0',
184 silly cache add   type: 'version' }
185 silly addNamed commander@2.9.0
186 verbose addNamed "2.9.0" is a plain semver version for commander
187 silly mapToRegistry name commander
188 silly mapToRegistry using default registry
189 silly mapToRegistry registry https://registry.npmjs.org/
190 silly mapToRegistry uri https://registry.npmjs.org/commander
191 verbose addNameVersion registry:https://registry.npmjs.org/commander not in flight; fetching
192 verbose get https://registry.npmjs.org/commander not expired, no request
193 silly mapToRegistry name commander
194 silly mapToRegistry using default registry
195 silly mapToRegistry registry https://registry.npmjs.org/
196 silly mapToRegistry uri https://registry.npmjs.org/commander
197 verbose addRemoteTarball https://registry.npmjs.org/commander/-/commander-2.9.0.tgz not in flight; adding
198 verbose addRemoteTarball [ 'https://registry.npmjs.org/commander/-/commander-2.9.0.tgz',
198 verbose addRemoteTarball   '9c99094176e12240cb22d6c5146098400fe0f7d4' ]
199 info retry fetch attempt 1 at 下午5:09:02
200 info attempt registry request try #1 at 下午5:09:02
201 http fetch GET https://registry.npmjs.org/commander/-/commander-2.9.0.tgz
202 http fetch 200 https://registry.npmjs.org/mkdirp/-/mkdirp-0.5.1.tgz
203 silly fetchAndShaCheck shasum 30057438eac6cf7f8c4767f38648d6697d75c903
204 verbose addTmpTarball /tmp/npm-15190-3feacc7c/registry.npmjs.org/mkdirp/-/mkdirp-0.5.1.tgz not in flight; adding
205 verbose addTmpTarball already have metadata; skipping unpack for mkdirp@0.5.1
206 silly cache afterAdd mkdirp@0.5.1
207 verbose afterAdd /home/qingcong/.npm/mkdirp/0.5.1/package/package.json not in flight; writing
208 verbose afterAdd /home/qingcong/.npm/mkdirp/0.5.1/package/package.json written
209 http fetch 200 https://registry.npmjs.org/ejs/-/ejs-2.5.6.tgz
210 http fetch 200 https://registry.npmjs.org/commander/-/commander-2.9.0.tgz
211 silly fetchAndShaCheck shasum 479636bfa3fe3b1debd52087f0acb204b4f19c88
212 verbose addTmpTarball /tmp/npm-15190-3feacc7c/registry.npmjs.org/ejs/-/ejs-2.5.6.tgz not in flight; adding
213 verbose addTmpTarball already have metadata; skipping unpack for ejs@2.5.6
214 silly cache afterAdd ejs@2.5.6
215 verbose afterAdd /home/qingcong/.npm/ejs/2.5.6/package/package.json not in flight; writing
216 verbose afterAdd /home/qingcong/.npm/ejs/2.5.6/package/package.json written
217 silly fetchAndShaCheck shasum 9c99094176e12240cb22d6c5146098400fe0f7d4
218 verbose addTmpTarball /tmp/npm-15190-3feacc7c/registry.npmjs.org/commander/-/commander-2.9.0.tgz not in flight; adding
219 verbose addTmpTarball already have metadata; skipping unpack for commander@2.9.0
220 silly cache afterAdd commander@2.9.0
221 verbose afterAdd /home/qingcong/.npm/commander/2.9.0/package/package.json not in flight; writing
222 verbose afterAdd /home/qingcong/.npm/commander/2.9.0/package/package.json written
223 http fetch 200 https://registry.npmjs.org/sorted-object/-/sorted-object-2.0.1.tgz
224 silly fetchAndShaCheck shasum 7d631f4bd3a798a24af1dffcfbfe83337a5df5fc
225 verbose addTmpTarball /tmp/npm-15190-3feacc7c/registry.npmjs.org/sorted-object/-/sorted-object-2.0.1.tgz not in flight; adding
226 verbose addTmpTarball already have metadata; skipping unpack for sorted-object@2.0.1
227 silly cache afterAdd sorted-object@2.0.1
228 verbose afterAdd /home/qingcong/.npm/sorted-object/2.0.1/package/package.json not in flight; writing
229 verbose afterAdd /home/qingcong/.npm/sorted-object/2.0.1/package/package.json written
230 silly fetchNamedPackageData graceful-readlink
231 silly mapToRegistry name graceful-readlink
232 silly mapToRegistry using default registry
233 silly mapToRegistry registry https://registry.npmjs.org/
234 silly mapToRegistry uri https://registry.npmjs.org/graceful-readlink
235 verbose request uri https://registry.npmjs.org/graceful-readlink
236 verbose request no auth needed
237 info attempt registry request try #1 at 下午5:09:03
238 http request GET https://registry.npmjs.org/graceful-readlink
239 http 200 https://registry.npmjs.org/graceful-readlink
240 verbose headers { server: 'nginx/1.10.3',
240 verbose headers   'content-type': 'application/json',
240 verbose headers   'last-modified': 'Sat, 24 Dec 2016 22:39:10 GMT',
240 verbose headers   etag: 'W/"585ef90e-c1b"',
240 verbose headers   'content-encoding': 'gzip',
240 verbose headers   'cache-control': 'max-age=300',
240 verbose headers   'content-length': '983',
240 verbose headers   'accept-ranges': 'bytes',
240 verbose headers   date: 'Thu, 17 Aug 2017 09:09:04 GMT',
240 verbose headers   via: '1.1 varnish',
240 verbose headers   age: '7',
240 verbose headers   connection: 'keep-alive',
240 verbose headers   'x-served-by': 'cache-nrt6124-NRT',
240 verbose headers   'x-cache': 'HIT',
240 verbose headers   'x-cache-hits': '1',
240 verbose headers   'x-timer': 'S1502960944.031231,VS0,VE0',
240 verbose headers   vary: 'Accept-Encoding, Accept' }
241 silly get cb [ 200,
241 silly get   { server: 'nginx/1.10.3',
241 silly get     'content-type': 'application/json',
241 silly get     'last-modified': 'Sat, 24 Dec 2016 22:39:10 GMT',
241 silly get     etag: 'W/"585ef90e-c1b"',
241 silly get     'content-encoding': 'gzip',
241 silly get     'cache-control': 'max-age=300',
241 silly get     'content-length': '983',
241 silly get     'accept-ranges': 'bytes',
241 silly get     date: 'Thu, 17 Aug 2017 09:09:04 GMT',
241 silly get     via: '1.1 varnish',
241 silly get     age: '7',
241 silly get     connection: 'keep-alive',
241 silly get     'x-served-by': 'cache-nrt6124-NRT',
241 silly get     'x-cache': 'HIT',
241 silly get     'x-cache-hits': '1',
241 silly get     'x-timer': 'S1502960944.031231,VS0,VE0',
241 silly get     vary: 'Accept-Encoding, Accept' } ]
242 verbose get saving graceful-readlink to /home/qingcong/.npm/registry.npmjs.org/graceful-readlink/.cache.json
243 silly resolveWithNewModule graceful-readlink@1.0.1 checking installable status
244 silly cache add args [ 'graceful-readlink@>= 1.0.0', null ]
245 verbose cache add spec graceful-readlink@>= 1.0.0
246 silly cache add parsed spec Result {
246 silly cache add   raw: 'graceful-readlink@>= 1.0.0',
246 silly cache add   scope: null,
246 silly cache add   name: 'graceful-readlink',
246 silly cache add   rawSpec: '>= 1.0.0',
246 silly cache add   spec: '>=1.0.0',
246 silly cache add   type: 'range' }
247 silly addNamed graceful-readlink@>=1.0.0
248 verbose addNamed ">=1.0.0" is a valid semver range for graceful-readlink
249 silly addNameRange { name: 'graceful-readlink', range: '>=1.0.0', hasData: false }
250 silly mapToRegistry name graceful-readlink
251 silly mapToRegistry using default registry
252 silly mapToRegistry registry https://registry.npmjs.org/
253 silly mapToRegistry uri https://registry.npmjs.org/graceful-readlink
254 verbose addNameRange registry:https://registry.npmjs.org/graceful-readlink not in flight; fetching
255 verbose get https://registry.npmjs.org/graceful-readlink not expired, no request
256 silly addNameRange number 2 { name: 'graceful-readlink', range: '>=1.0.0', hasData: true }
257 silly addNameRange versions [ 'graceful-readlink', [ '1.0.0', '1.0.1' ] ]
258 silly addNamed graceful-readlink@1.0.1
259 verbose addNamed "1.0.1" is a plain semver version for graceful-readlink
260 silly mapToRegistry name graceful-readlink
261 silly mapToRegistry using default registry
262 silly mapToRegistry registry https://registry.npmjs.org/
263 silly mapToRegistry uri https://registry.npmjs.org/graceful-readlink
264 verbose addRemoteTarball https://registry.npmjs.org/graceful-readlink/-/graceful-readlink-1.0.1.tgz not in flight; adding
265 verbose addRemoteTarball [ 'https://registry.npmjs.org/graceful-readlink/-/graceful-readlink-1.0.1.tgz',
265 verbose addRemoteTarball   '4cafad76bc62f02fa039b2f94e9a3dd3a391a725' ]
266 info retry fetch attempt 1 at 下午5:09:04
267 info attempt registry request try #1 at 下午5:09:04
268 http fetch GET https://registry.npmjs.org/graceful-readlink/-/graceful-readlink-1.0.1.tgz
269 http fetch 200 https://registry.npmjs.org/graceful-readlink/-/graceful-readlink-1.0.1.tgz
270 silly fetchAndShaCheck shasum 4cafad76bc62f02fa039b2f94e9a3dd3a391a725
271 verbose addTmpTarball /tmp/npm-15190-3feacc7c/registry.npmjs.org/graceful-readlink/-/graceful-readlink-1.0.1.tgz not in flight; adding
272 verbose addTmpTarball already have metadata; skipping unpack for graceful-readlink@1.0.1
273 silly cache afterAdd graceful-readlink@1.0.1
274 verbose afterAdd /home/qingcong/.npm/graceful-readlink/1.0.1/package/package.json not in flight; writing
275 verbose afterAdd /home/qingcong/.npm/graceful-readlink/1.0.1/package/package.json written
276 silly fetchNamedPackageData minimist
277 silly mapToRegistry name minimist
278 silly mapToRegistry using default registry
279 silly mapToRegistry registry https://registry.npmjs.org/
280 silly mapToRegistry uri https://registry.npmjs.org/minimist
281 verbose request uri https://registry.npmjs.org/minimist
282 verbose request no auth needed
283 info attempt registry request try #1 at 下午5:09:04
284 http request GET https://registry.npmjs.org/minimist
285 http 200 https://registry.npmjs.org/minimist
286 verbose headers { server: 'nginx/1.10.3',
286 verbose headers   'content-type': 'application/json',
286 verbose headers   'last-modified': 'Sun, 13 Aug 2017 17:02:15 GMT',
286 verbose headers   etag: 'W/"59908617-769a"',
286 verbose headers   'content-encoding': 'gzip',
286 verbose headers   'cache-control': 'max-age=300',
286 verbose headers   'content-length': '5893',
286 verbose headers   'accept-ranges': 'bytes',
286 verbose headers   date: 'Thu, 17 Aug 2017 09:09:05 GMT',
286 verbose headers   via: '1.1 varnish',
286 verbose headers   age: '100',
286 verbose headers   connection: 'keep-alive',
286 verbose headers   'x-served-by': 'cache-nrt6126-NRT',
286 verbose headers   'x-cache': 'HIT',
286 verbose headers   'x-cache-hits': '201',
286 verbose headers   'x-timer': 'S1502960945.279971,VS0,VE0',
286 verbose headers   vary: 'Accept-Encoding, Accept' }
287 silly get cb [ 200,
287 silly get   { server: 'nginx/1.10.3',
287 silly get     'content-type': 'application/json',
287 silly get     'last-modified': 'Sun, 13 Aug 2017 17:02:15 GMT',
287 silly get     etag: 'W/"59908617-769a"',
287 silly get     'content-encoding': 'gzip',
287 silly get     'cache-control': 'max-age=300',
287 silly get     'content-length': '5893',
287 silly get     'accept-ranges': 'bytes',
287 silly get     date: 'Thu, 17 Aug 2017 09:09:05 GMT',
287 silly get     via: '1.1 varnish',
287 silly get     age: '100',
287 silly get     connection: 'keep-alive',
287 silly get     'x-served-by': 'cache-nrt6126-NRT',
287 silly get     'x-cache': 'HIT',
287 silly get     'x-cache-hits': '201',
287 silly get     'x-timer': 'S1502960945.279971,VS0,VE0',
287 silly get     vary: 'Accept-Encoding, Accept' } ]
288 verbose get saving minimist to /home/qingcong/.npm/registry.npmjs.org/minimist/.cache.json
289 silly resolveWithNewModule minimist@0.0.8 checking installable status
290 silly cache add args [ 'minimist@0.0.8', null ]
291 verbose cache add spec minimist@0.0.8
292 silly cache add parsed spec Result {
292 silly cache add   raw: 'minimist@0.0.8',
292 silly cache add   scope: null,
292 silly cache add   name: 'minimist',
292 silly cache add   rawSpec: '0.0.8',
292 silly cache add   spec: '0.0.8',
292 silly cache add   type: 'version' }
293 silly addNamed minimist@0.0.8
294 verbose addNamed "0.0.8" is a plain semver version for minimist
295 silly mapToRegistry name minimist
296 silly mapToRegistry using default registry
297 silly mapToRegistry registry https://registry.npmjs.org/
298 silly mapToRegistry uri https://registry.npmjs.org/minimist
299 verbose addNameVersion registry:https://registry.npmjs.org/minimist not in flight; fetching
300 verbose get https://registry.npmjs.org/minimist not expired, no request
301 silly mapToRegistry name minimist
302 silly mapToRegistry using default registry
303 silly mapToRegistry registry https://registry.npmjs.org/
304 silly mapToRegistry uri https://registry.npmjs.org/minimist
305 verbose addRemoteTarball https://registry.npmjs.org/minimist/-/minimist-0.0.8.tgz not in flight; adding
306 verbose addRemoteTarball [ 'https://registry.npmjs.org/minimist/-/minimist-0.0.8.tgz',
306 verbose addRemoteTarball   '857fcabfc3397d2625b8228262e86aa7a011b05d' ]
307 info retry fetch attempt 1 at 下午5:09:05
308 info attempt registry request try #1 at 下午5:09:05
309 http fetch GET https://registry.npmjs.org/minimist/-/minimist-0.0.8.tgz
310 http fetch 200 https://registry.npmjs.org/minimist/-/minimist-0.0.8.tgz
311 silly fetchAndShaCheck shasum 857fcabfc3397d2625b8228262e86aa7a011b05d
312 verbose addTmpTarball /tmp/npm-15190-3feacc7c/registry.npmjs.org/minimist/-/minimist-0.0.8.tgz not in flight; adding
313 verbose addTmpTarball already have metadata; skipping unpack for minimist@0.0.8
314 silly cache afterAdd minimist@0.0.8
315 verbose afterAdd /home/qingcong/.npm/minimist/0.0.8/package/package.json not in flight; writing
316 verbose afterAdd /home/qingcong/.npm/minimist/0.0.8/package/package.json written
317 silly loadAllDepsIntoIdealTree Finishing
318 silly idealTree:prePrune lib
318 silly idealTree:prePrune └─┬ express-generator@4.15.0
318 silly idealTree:prePrune   ├── commander@2.9.0
318 silly idealTree:prePrune   ├── ejs@2.5.6
318 silly idealTree:prePrune   ├── graceful-readlink@1.0.1
318 silly idealTree:prePrune   ├── minimist@0.0.8
318 silly idealTree:prePrune   ├── mkdirp@0.5.1
318 silly idealTree:prePrune   └── sorted-object@2.0.1
319 silly loadIdealTree Finishing
320 silly currentTree lib
321 silly idealTree lib
321 silly idealTree └─┬ express-generator@4.15.0
321 silly idealTree   ├── commander@2.9.0
321 silly idealTree   ├── ejs@2.5.6
321 silly idealTree   ├── graceful-readlink@1.0.1
321 silly idealTree   ├── minimist@0.0.8
321 silly idealTree   ├── mkdirp@0.5.1
321 silly idealTree   └── sorted-object@2.0.1
322 silly generateActionsToTake Starting
323 silly install generateActionsToTake
324 warn checkPermissions Missing write access to /usr/local/lib
325 silly rollbackFailedOptional Starting
326 silly rollbackFailedOptional Finishing
327 silly runTopLevelLifecycles Starting
328 silly runTopLevelLifecycles Finishing
329 silly install printInstalled
330 verbose stack Error: EACCES: permission denied, access '/usr/local/lib'
330 verbose stack     at Error (native)
331 verbose cwd /home/qingcong/文档/ww/myapp
332 error Linux 4.4.0-31-generic
333 error argv "/usr/bin/nodejs" "/usr/bin/npm" "install" "express-generator" "-g"
334 error node v4.2.6
335 error npm  v3.5.2
336 error path /usr/local/lib
337 error code EACCES
338 error errno -13
339 error syscall access
340 error Error: EACCES: permission denied, access '/usr/local/lib'
340 error     at Error (native)
340 error  { [Error: EACCES: permission denied, access '/usr/local/lib']
340 error   errno: -13,
340 error   code: 'EACCES',
340 error   syscall: 'access',
340 error   path: '/usr/local/lib' }
341 error Please try running this command again as root/Administrator.
342 verbose exit [ -13, true ]
